2019-08-02 17:40:08 pid:1 Error: Call to a member function send() on null in C:\Users\hou\Desktop\myserver\chat.php:38
Stack trace:
#0 [internal function]: {closure}(Object(Workerman\Connection\TcpConnection), '\xE4\xBE\xAF\xE9\x98\xBF\xE5\xBA\xB7')
#1 C:\Users\hou\Desktop\myserver\workerman\Connection\TcpConnection.php(658): call_user_func(Object(Closure), Object(Workerman\Connection\TcpConnection), '\xE4\xBE\xAF\xE9\x98\xBF\xE5\xBA\xB7')
#2 [internal function]: Workerman\Connection\TcpConnection->baseRead(Resource id #20)
#3 C:\Users\hou\Desktop\myserver\workerman\Events\Select.php(294): call_user_func_array(Array, Array)
#4 C:\Users\hou\Desktop\myserver\workerman\Worker.php(2359): Workerman\Events\Select->loop()
#5 C:\Users\hou\Desktop\myserver\workerman\Worker.php(1353): Workerman\Worker->run()
#6 C:\Users\hou\Desktop\myserver\workerman\Worker.php(1296): Workerman\Worker::forkWorkersForWindows()
#7 C:\Users\hou\Desktop\myserver\workerman\Worker.php(509): Workerman\Worker::forkWorkers()
#8 C:\Users\hou\Desktop\myserver\chat.php(53): Workerman\Worker::runAll()
#9 {main}
2019-08-02 17:40:08 pid:1 Worker process terminated
2019-08-04 17:05:18 pid:1 Error: Call to a member function send() on null in C:\Users\hou\Desktop\myserver\chat.php:61
Stack trace:
#0 [internal function]: {closure}(Object(Workerman\Connection\TcpConnection), '21:2:\xE5\x93\x88\xE5\x93\x88')
#1 C:\Users\hou\Desktop\myserver\workerman\Connection\TcpConnection.php(658): call_user_func(Object(Closure), Object(Workerman\Connection\TcpConnection), '21:2:\xE5\x93\x88\xE5\x93\x88')
#2 [internal function]: Workerman\Connection\TcpConnection->baseRead(Resource id #20)
#3 C:\Users\hou\Desktop\myserver\workerman\Events\Select.php(294): call_user_func_array(Array, Array)
#4 C:\Users\hou\Desktop\myserver\workerman\Worker.php(2359): Workerman\Events\Select->loop()
#5 C:\Users\hou\Desktop\myserver\workerman\Worker.php(1353): Workerman\Worker->run()
#6 C:\Users\hou\Desktop\myserver\workerman\Worker.php(1296): Workerman\Worker::forkWorkersForWindows()
#7 C:\Users\hou\Desktop\myserver\workerman\Worker.php(509): Workerman\Worker::forkWorkers()
#8 C:\Users\hou\Desktop\myserver\chat.php(81): Workerman\Worker::runAll()
#9 {main}
2019-08-04 17:05:18 pid:1 Worker process terminated
2019-08-04 17:11:28 pid:1 Error: Call to a member function send() on null in C:\Users\hou\Desktop\myserver\chat.php:54
Stack trace:
#0 [internal function]: {closure}(Object(Workerman\Connection\TcpConnection), 'undefined:21:kk...')
#1 C:\Users\hou\Desktop\myserver\workerman\Connection\TcpConnection.php(658): call_user_func(Object(Closure), Object(Workerman\Connection\TcpConnection), 'undefined:21:kk...')
#2 [internal function]: Workerman\Connection\TcpConnection->baseRead(Resource id #24)
#3 C:\Users\hou\Desktop\myserver\workerman\Events\Select.php(294): call_user_func_array(Array, Array)
#4 C:\Users\hou\Desktop\myserver\workerman\Worker.php(2359): Workerman\Events\Select->loop()
#5 C:\Users\hou\Desktop\myserver\workerman\Worker.php(1353): Workerman\Worker->run()
#6 C:\Users\hou\Desktop\myserver\workerman\Worker.php(1296): Workerman\Worker::forkWorkersForWindows()
#7 C:\Users\hou\Desktop\myserver\workerman\Worker.php(509): Workerman\Worker::forkWorkers()
#8 C:\Users\hou\Desktop\myserver\chat.php(74): Workerman\Worker::runAll()
#9 {main}
2019-08-04 17:11:28 pid:1 Worker process terminated
2019-08-04 17:12:47 pid:1 Error: Call to a member function send() on null in C:\Users\hou\Desktop\myserver\chat.php:54
Stack trace:
#0 [internal function]: {closure}(Object(Workerman\Connection\TcpConnection), 'undefined:21:kk')
#1 C:\Users\hou\Desktop\myserver\workerman\Connection\TcpConnection.php(658): call_user_func(Object(Closure), Object(Workerman\Connection\TcpConnection), 'undefined:21:kk')
#2 [internal function]: Workerman\Connection\TcpConnection->baseRead(Resource id #24)
#3 C:\Users\hou\Desktop\myserver\workerman\Events\Select.php(294): call_user_func_array(Array, Array)
#4 C:\Users\hou\Desktop\myserver\workerman\Worker.php(2359): Workerman\Events\Select->loop()
#5 C:\Users\hou\Desktop\myserver\workerman\Worker.php(1353): Workerman\Worker->run()
#6 C:\Users\hou\Desktop\myserver\workerman\Worker.php(1296): Workerman\Worker::forkWorkersForWindows()
#7 C:\Users\hou\Desktop\myserver\workerman\Worker.php(509): Workerman\Worker::forkWorkers()
#8 C:\Users\hou\Desktop\myserver\chat.php(71): Workerman\Worker::runAll()
#9 {main}
2019-08-04 17:12:47 pid:1 Worker process terminated
2019-08-04 17:30:28 pid:1 Error: Call to a member function send() on null in C:\Users\hou\Desktop\myserver\chat.php:53
Stack trace:
#0 [internal function]: {closure}(Object(Workerman\Connection\TcpConnection), 'undefined:21:\xE6\x96...')
#1 C:\Users\hou\Desktop\myserver\workerman\Connection\TcpConnection.php(658): call_user_func(Object(Closure), Object(Workerman\Connection\TcpConnection), 'undefined:21:\xE6\x96...')
#2 [internal function]: Workerman\Connection\TcpConnection->baseRead(Resource id #20)
#3 C:\Users\hou\Desktop\myserver\workerman\Events\Select.php(294): call_user_func_array(Array, Array)
#4 C:\Users\hou\Desktop\myserver\workerman\Worker.php(2359): Workerman\Events\Select->loop()
#5 C:\Users\hou\Desktop\myserver\workerman\Worker.php(1353): Workerman\Worker->run()
#6 C:\Users\hou\Desktop\myserver\workerman\Worker.php(1296): Workerman\Worker::forkWorkersForWindows()
#7 C:\Users\hou\Desktop\myserver\workerman\Worker.php(509): Workerman\Worker::forkWorkers()
#8 C:\Users\hou\Desktop\myserver\chat.php(72): Workerman\Worker::runAll()
#9 {main}
2019-08-04 17:30:28 pid:1 Worker process terminated
2019-08-04 17:32:30 pid:1 Error: Call to a member function send() on null in C:\Users\hou\Desktop\myserver\chat.php:53
Stack trace:
#0 [internal function]: {closure}(Object(Workerman\Connection\TcpConnection), 'undefined:21:\xE6\x98...')
#1 C:\Users\hou\Desktop\myserver\workerman\Connection\TcpConnection.php(658): call_user_func(Object(Closure), Object(Workerman\Connection\TcpConnection), 'undefined:21:\xE6\x98...')
#2 [internal function]: Workerman\Connection\TcpConnection->baseRead(Resource id #20)
#3 C:\Users\hou\Desktop\myserver\workerman\Events\Select.php(294): call_user_func_array(Array, Array)
#4 C:\Users\hou\Desktop\myserver\workerman\Worker.php(2359): Workerman\Events\Select->loop()
#5 C:\Users\hou\Desktop\myserver\workerman\Worker.php(1353): Workerman\Worker->run()
#6 C:\Users\hou\Desktop\myserver\workerman\Worker.php(1296): Workerman\Worker::forkWorkersForWindows()
#7 C:\Users\hou\Desktop\myserver\workerman\Worker.php(509): Workerman\Worker::forkWorkers()
#8 C:\Users\hou\Desktop\myserver\chat.php(72): Workerman\Worker::runAll()
#9 {main}
2019-08-04 17:32:30 pid:1 Worker process terminated
2019-08-04 17:34:18 pid:1 Error: Call to a member function send() on null in C:\Users\hou\Desktop\myserver\chat.php:53
Stack trace:
#0 [internal function]: {closure}(Object(Workerman\Connection\TcpConnection), 'undefined:21:\xE5\x97...')
#1 C:\Users\hou\Desktop\myserver\workerman\Connection\TcpConnection.php(658): call_user_func(Object(Closure), Object(Workerman\Connection\TcpConnection), 'undefined:21:\xE5\x97...')
#2 [internal function]: Workerman\Connection\TcpConnection->baseRead(Resource id #20)
#3 C:\Users\hou\Desktop\myserver\workerman\Events\Select.php(294): call_user_func_array(Array, Array)
#4 C:\Users\hou\Desktop\myserver\workerman\Worker.php(2359): Workerman\Events\Select->loop()
#5 C:\Users\hou\Desktop\myserver\workerman\Worker.php(1353): Workerman\Worker->run()
#6 C:\Users\hou\Desktop\myserver\workerman\Worker.php(1296): Workerman\Worker::forkWorkersForWindows()
#7 C:\Users\hou\Desktop\myserver\workerman\Worker.php(509): Workerman\Worker::forkWorkers()
#8 C:\Users\hou\Desktop\myserver\chat.php(72): Workerman\Worker::runAll()
#9 {main}
2019-08-04 17:34:18 pid:1 Worker process terminated
2019-08-04 17:35:11 pid:1 Error: Call to a member function send() on null in C:\Users\hou\Desktop\myserver\chat.php:53
Stack trace:
#0 [internal function]: {closure}(Object(Workerman\Connection\TcpConnection), '21:2:\xE5\xAF\xB9\xE5\xAF\xB9\xE5\xAF\xB9')
#1 C:\Users\hou\Desktop\myserver\workerman\Connection\TcpConnection.php(658): call_user_func(Object(Closure), Object(Workerman\Connection\TcpConnection), '21:2:\xE5\xAF\xB9\xE5\xAF\xB9\xE5\xAF\xB9')
#2 [internal function]: Workerman\Connection\TcpConnection->baseRead(Resource id #20)
#3 C:\Users\hou\Desktop\myserver\workerman\Events\Select.php(294): call_user_func_array(Array, Array)
#4 C:\Users\hou\Desktop\myserver\workerman\Worker.php(2359): Workerman\Events\Select->loop()
#5 C:\Users\hou\Desktop\myserver\workerman\Worker.php(1353): Workerman\Worker->run()
#6 C:\Users\hou\Desktop\myserver\workerman\Worker.php(1296): Workerman\Worker::forkWorkersForWindows()
#7 C:\Users\hou\Desktop\myserver\workerman\Worker.php(509): Workerman\Worker::forkWorkers()
#8 C:\Users\hou\Desktop\myserver\chat.php(72): Workerman\Worker::runAll()
#9 {main}
2019-08-04 17:35:11 pid:1 Worker process terminated
2019-08-04 17:35:25 pid:1 Error: Call to a member function send() on null in C:\Users\hou\Desktop\myserver\chat.php:53
Stack trace:
#0 [internal function]: {closure}(Object(Workerman\Connection\TcpConnection), 'undefined:21:\xE5\xAF...')
#1 C:\Users\hou\Desktop\myserver\workerman\Connection\TcpConnection.php(658): call_user_func(Object(Closure), Object(Workerman\Connection\TcpConnection), 'undefined:21:\xE5\xAF...')
#2 [internal function]: Workerman\Connection\TcpConnection->baseRead(Resource id #20)
#3 C:\Users\hou\Desktop\myserver\workerman\Events\Select.php(294): call_user_func_array(Array, Array)
#4 C:\Users\hou\Desktop\myserver\workerman\Worker.php(2359): Workerman\Events\Select->loop()
#5 C:\Users\hou\Desktop\myserver\workerman\Worker.php(1353): Workerman\Worker->run()
#6 C:\Users\hou\Desktop\myserver\workerman\Worker.php(1296): Workerman\Worker::forkWorkersForWindows()
#7 C:\Users\hou\Desktop\myserver\workerman\Worker.php(509): Workerman\Worker::forkWorkers()
#8 C:\Users\hou\Desktop\myserver\chat.php(72): Workerman\Worker::runAll()
#9 {main}
2019-08-04 17:35:25 pid:1 Worker process terminated
2019-08-04 17:37:11 pid:1 Error: Call to a member function send() on null in C:\Users\hou\Desktop\myserver\chat.php:54
Stack trace:
#0 [internal function]: {closure}(Object(Workerman\Connection\TcpConnection), '21:\xE6\x89\x80\xE5\xBE\x97\xE5\x88\xB0\xE7\x9A\x84')
#1 C:\Users\hou\Desktop\myserver\workerman\Connection\TcpConnection.php(658): call_user_func(Object(Closure), Object(Workerman\Connection\TcpConnection), '21:\xE6\x89\x80\xE5\xBE\x97\xE5\x88\xB0\xE7\x9A\x84')
#2 [internal function]: Workerman\Connection\TcpConnection->baseRead(Resource id #20)
#3 C:\Users\hou\Desktop\myserver\workerman\Events\Select.php(294): call_user_func_array(Array, Array)
#4 C:\Users\hou\Desktop\myserver\workerman\Worker.php(2359): Workerman\Events\Select->loop()
#5 C:\Users\hou\Desktop\myserver\workerman\Worker.php(1353): Workerman\Worker->run()
#6 C:\Users\hou\Desktop\myserver\workerman\Worker.php(1296): Workerman\Worker::forkWorkersForWindows()
#7 C:\Users\hou\Desktop\myserver\workerman\Worker.php(509): Workerman\Worker::forkWorkers()
#8 C:\Users\hou\Desktop\myserver\chat.php(73): Workerman\Worker::runAll()
#9 {main}
2019-08-04 17:37:11 pid:1 Worker process terminated
2019-08-04 17:38:43 pid:1 Error: Call to a member function send() on null in C:\Users\hou\Desktop\myserver\chat.php:54
Stack trace:
#0 [internal function]: {closure}(Object(Workerman\Connection\TcpConnection), '21:\xE6\x96\xB9\xE6\xB3\x95')
#1 C:\Users\hou\Desktop\myserver\workerman\Connection\TcpConnection.php(658): call_user_func(Object(Closure), Object(Workerman\Connection\TcpConnection), '21:\xE6\x96\xB9\xE6\xB3\x95')
#2 [internal function]: Workerman\Connection\TcpConnection->baseRead(Resource id #20)
#3 C:\Users\hou\Desktop\myserver\workerman\Events\Select.php(294): call_user_func_array(Array, Array)
#4 C:\Users\hou\Desktop\myserver\workerman\Worker.php(2359): Workerman\Events\Select->loop()
#5 C:\Users\hou\Desktop\myserver\workerman\Worker.php(1353): Workerman\Worker->run()
#6 C:\Users\hou\Desktop\myserver\workerman\Worker.php(1296): Workerman\Worker::forkWorkersForWindows()
#7 C:\Users\hou\Desktop\myserver\workerman\Worker.php(509): Workerman\Worker::forkWorkers()
#8 C:\Users\hou\Desktop\myserver\chat.php(73): Workerman\Worker::runAll()
#9 {main}
2019-08-04 17:38:43 pid:1 Worker process terminated
